<?xml version="1.0" encoding="UTF-8"?>
<!-- Generated by org.testng.reporters.JUnitXMLReporter -->
<testsuite hostname="BRIMACLAP086.local" ignored="0" name="Command line test" tests="10" failures="0" timestamp="11 Apr 2020 17:03:05 GMT" time="31.767" errors="0">
  <testcase name="QVLDPDummy1Test" time="0.005" classname="com.test.automation.test.QVLDPTest"/>
  <testcase name="QVLDPDummy2Test" time="0.0" classname="com.test.automation.test.QVLDPTest"/>
  <testcase name="QVLDPDummy3Test" time="0.0" classname="com.test.automation.test.QVLDPTest"/>
  <testcase name="validateHomePageTest" time="31.731" classname="com.test.automation.test.HomeTest"/>
  <testcase name="SRPDummy1Test" time="0.0" classname="com.test.automation.test.SRPTest"/>
  <testcase name="SRPDummy2Test" time="0.0" classname="com.test.automation.test.SRPTest"/>
  <testcase name="SRPDummy3Test" time="0.0" classname="com.test.automation.test.SRPTest"/>
  <testcase name="FullLDPDummy1Test" time="0.0" classname="com.test.automation.test.FullLDPTest"/>
  <testcase name="FullLDPDummy2Test" time="0.0" classname="com.test.automation.test.FullLDPTest"/>
  <testcase name="FullLDPDummy3Test" time="0.0" classname="com.test.automation.test.FullLDPTest"/>
</testsuite> <!-- Command line test -->
